<?xml version="1.0" encoding="UTF-8"?>
<testsuite name="cz.cvut.fel.sep.hellojenkins.smoke.HelloJenkinsTest" tests="2" skipped="0" failures="0" errors="0" timestamp="2015-12-30T20:07:09" hostname="Kalivoda-NB" time="0.006">
  <properties/>
  <testcase name="testBadArgument" classname="cz.cvut.fel.sep.hellojenkins.smoke.HelloJenkinsTest" time="0.005"/>
  <testcase name="testGoodArgument" classname="cz.cvut.fel.sep.hellojenkins.smoke.HelloJenkinsTest" time="0.0"/>
  <system-out><![CDATA[]]></system-out>
  <system-err><![CDATA[]]></system-err>
</testsuite>
