<?xml version="1.0" encoding="UTF-8"?>
<testsuite name="cz.cvut.fel.sep.hellojenkins.unit.HelloJenkinsTest" tests="1" skipped="0" failures="0" errors="0" timestamp="2015-12-30T20:07:18" hostname="Kalivoda-NB" time="0.003">
  <properties/>
  <testcase name="testResult" classname="cz.cvut.fel.sep.hellojenkins.unit.HelloJenkinsTest" time="0.003"/>
  <system-out><![CDATA[]]></system-out>
  <system-err><![CDATA[]]></system-err>
</testsuite>
